{"/Users/ranjeet/Desktop/retail-store-discount/api/lib/discount.js": {"path":"/Users/ranjeet/Desktop/retail-store-discount/api/lib/discount.js","statementMap":{"0":{"start":{"line":1,"column":15},"end":{"line":1,"column":32}},"1":{"start":{"line":5,"column":32},"end":{"line":5,"column":36}},"2":{"start":{"line":6,"column":33},"end":{"line":6,"column":38}},"3":{"start":{"line":8,"column":23},"end":{"line":13,"column":5}},"4":{"start":{"line":15,"column":4},"end":{"line":20,"column":5}},"5":{"start":{"line":16,"column":6},"end":{"line":19,"column":7}},"6":{"start":{"line":22,"column":4},"end":{"line":33,"column":5}},"7":{"start":{"line":23,"column":23},"end":{"line":23,"column":25}},"8":{"start":{"line":25,"column":6},"end":{"line":25,"column":48}},"9":{"start":{"line":26,"column":6},"end":{"line":26,"column":66}},"10":{"start":{"line":27,"column":6},"end":{"line":27,"column":48}},"11":{"start":{"line":29,"column":6},"end":{"line":32,"column":7}},"12":{"start":{"line":35,"column":4},"end":{"line":46,"column":5}},"13":{"start":{"line":36,"column":23},"end":{"line":36,"column":25}},"14":{"start":{"line":38,"column":6},"end":{"line":38,"column":54}},"15":{"start":{"line":39,"column":6},"end":{"line":39,"column":72}},"16":{"start":{"line":40,"column":6},"end":{"line":40,"column":48}},"17":{"start":{"line":42,"column":6},"end":{"line":45,"column":7}},"18":{"start":{"line":48,"column":4},"end":{"line":83,"column":5}},"19":{"start":{"line":49,"column":6},"end":{"line":60,"column":7}},"20":{"start":{"line":50,"column":25},"end":{"line":50,"column":26}},"21":{"start":{"line":52,"column":8},"end":{"line":52,"column":56}},"22":{"start":{"line":53,"column":8},"end":{"line":53,"column":74}},"23":{"start":{"line":54,"column":8},"end":{"line":54,"column":50}},"24":{"start":{"line":56,"column":8},"end":{"line":59,"column":9}},"25":{"start":{"line":62,"column":6},"end":{"line":77,"column":7}},"26":{"start":{"line":63,"column":25},"end":{"line":63,"column":26}},"27":{"start":{"line":64,"column":30},"end":{"line":64,"column":64}},"28":{"start":{"line":66,"column":8},"end":{"line":66,"column":45}},"29":{"start":{"line":67,"column":8},"end":{"line":67,"column":63}},"30":{"start":{"line":68,"column":8},"end":{"line":68,"column":71}},"31":{"start":{"line":70,"column":8},"end":{"line":76,"column":9}},"32":{"start":{"line":79,"column":6},"end":{"line":82,"column":7}},"33":{"start":{"line":87,"column":0},"end":{"line":87,"column":25}}},"fnMap":{"0":{"name":"(anonymous_0)","decl":{"start":{"line":4,"column":2},"end":{"line":4,"column":3}},"loc":{"start":{"line":4,"column":28},"end":{"line":84,"column":3}},"line":4}},"branchMap":{"0":{"loc":{"start":{"line":15,"column":4},"end":{"line":20,"column":5}},"type":"if","locations":[{"start":{"line":15,"column":4},"end":{"line":20,"column":5}},{"start":{"line":15,"column":4},"end":{"line":20,"column":5}}],"line":15},"1":{"loc":{"start":{"line":22,"column":4},"end":{"line":33,"column":5}},"type":"if","locations":[{"start":{"line":22,"column":4},"end":{"line":33,"column":5}},{"start":{"line":22,"column":4},"end":{"line":33,"column":5}}],"line":22},"2":{"loc":{"start":{"line":35,"column":4},"end":{"line":46,"column":5}},"type":"if","locations":[{"start":{"line":35,"column":4},"end":{"line":46,"column":5}},{"start":{"line":35,"column":4},"end":{"line":46,"column":5}}],"line":35},"3":{"loc":{"start":{"line":48,"column":4},"end":{"line":83,"column":5}},"type":"if","locations":[{"start":{"line":48,"column":4},"end":{"line":83,"column":5}},{"start":{"line":48,"column":4},"end":{"line":83,"column":5}}],"line":48},"4":{"loc":{"start":{"line":49,"column":6},"end":{"line":60,"column":7}},"type":"if","locations":[{"start":{"line":49,"column":6},"end":{"line":60,"column":7}},{"start":{"line":49,"column":6},"end":{"line":60,"column":7}}],"line":49},"5":{"loc":{"start":{"line":62,"column":6},"end":{"line":77,"column":7}},"type":"if","locations":[{"start":{"line":62,"column":6},"end":{"line":77,"column":7}},{"start":{"line":62,"column":6},"end":{"line":77,"column":7}}],"line":62}},"s":{"0":1,"1":6,"2":6,"3":6,"4":6,"5":1,"6":5,"7":1,"8":1,"9":1,"10":1,"11":1,"12":4,"13":1,"14":1,"15":1,"16":1,"17":1,"18":3,"19":3,"20":1,"21":1,"22":1,"23":1,"24":1,"25":2,"26":1,"27":1,"28":1,"29":1,"30":1,"31":1,"32":1,"33":1},"f":{"0":6},"b":{"0":[1,5],"1":[1,4],"2":[1,3],"3":[3,0],"4":[1,2],"5":[1,1]},"_coverageSchema":"43e27e138ebf9cfc5966b082cf9a028302ed4184","hash":"b0e1d3a0b3997fa1c6dfe5304b25a2322b7ecbda"}
}
