TN:
SF:/Users/ranjeet/Desktop/retail-store-discount/api/lib/discount.js
FN:4,(anonymous_0)
FNF:1
FNH:1
FNDA:6,(anonymous_0)
DA:1,1
DA:5,6
DA:6,6
DA:8,6
DA:15,6
DA:16,1
DA:22,5
DA:23,1
DA:25,1
DA:26,1
DA:27,1
DA:29,1
DA:35,4
DA:36,1
DA:38,1
DA:39,1
DA:40,1
DA:42,1
DA:48,3
DA:49,3
DA:50,1
DA:52,1
DA:53,1
DA:54,1
DA:56,1
DA:62,2
DA:63,1
DA:64,1
DA:66,1
DA:67,1
DA:68,1
DA:70,1
DA:79,1
DA:87,1
LF:34
LH:34
BRDA:15,0,0,1
BRDA:15,0,1,5
BRDA:22,1,0,1
BRDA:22,1,1,4
BRDA:35,2,0,1
BRDA:35,2,1,3
BRDA:48,3,0,3
BRDA:48,3,1,0
BRDA:49,4,0,1
BRDA:49,4,1,2
BRDA:62,5,0,1
BRDA:62,5,1,1
BRF:12
BRH:11
end_of_record
